{"level":30,"time":"2021-06-22T13:53:05.427Z","pid":5409,"hostname":"pop-os","msg":"app ready"}
{"level":30,"time":"2021-06-22T13:53:05.427Z","pid":5409,"hostname":"pop-os","msg":"starting version 5.6.0"}
{"level":30,"time":"2021-06-22T13:53:05.427Z","pid":5409,"hostname":"pop-os","msg":"media access status"}
{"level":30,"time":"2021-06-22T13:53:06.720Z","pid":5409,"hostname":"pop-os","msg":"config/set: Saving ephemeral config to disk"}
{"level":30,"time":"2021-06-22T13:53:06.721Z","pid":5409,"hostname":"pop-os","msg":"got slow spellcheck setting true"}
{"level":30,"time":"2021-06-22T13:53:06.721Z","pid":5409,"hostname":"pop-os","msg":"Location reset needed"}
{"level":30,"time":"2021-06-22T13:53:06.722Z","pid":5409,"hostname":"pop-os","msg":"Initializing BrowserWindow config: {\"show\":false,\"width\":800,\"height\":610,\"minWidth\":680,\"minHeight\":550,\"autoHideMenuBar\":false,\"titleBarStyle\":\"default\",\"backgroundColor\":\"#3a76f0\",\"webPreferences\":{\"devTools\":false,\"nodeIntegration\":false,\"nodeIntegrationInWorker\":false,\"contextIsolation\":false,\"enableRemoteModule\":true,\"preload\":\"/opt/Signal/resources/app.asar/preload.bundle.js\",\"nativeWindowOpen\":true,\"spellcheck\":true,\"backgroundThrottling\":false},\"icon\":\"/opt/Signal/resources/app.asar/images/signal-logo-desktop-linux.png\"}"}
{"level":30,"time":"2021-06-22T13:53:06.774Z","pid":5409,"hostname":"pop-os","msg":"spellcheck: user locale: en-US"}
{"level":30,"time":"2021-06-22T13:53:06.774Z","pid":5409,"hostname":"pop-os","msg":"spellcheck: available spellchecker languages:  [\"af\",\"bg\",\"ca\",\"cs\",\"cy\",\"da\",\"de\",\"de-DE\",\"el\",\"en-AU\",\"en-CA\",\"en-GB\",\"en-GB-oxendict\",\"en-US\",\"es\",\"es-419\",\"es-AR\",\"es-ES\",\"es-MX\",\"es-US\",\"et\",\"fa\",\"fo\",\"fr\",\"fr-FR\",\"he\",\"hi\",\"hr\",\"hu\",\"hy\",\"id\",\"it\",\"it-IT\",\"ko\",\"lt\",\"lv\",\"nb\",\"nl\",\"pl\",\"pt\",\"pt-BR\",\"pt-PT\",\"ro\",\"ru\",\"sh\",\"sk\",\"sl\",\"sq\",\"sr\",\"sv\",\"ta\",\"tg\",\"tr\",\"uk\",\"vi\"]"}
{"level":30,"time":"2021-06-22T13:53:06.774Z","pid":5409,"hostname":"pop-os","msg":"spellcheck: setting languages to:  [\"en-US\"]"}
{"level":30,"time":"2021-06-22T13:53:06.786Z","pid":5409,"hostname":"pop-os","msg":"got fast spellcheck setting true"}
{"level":30,"time":"2021-06-22T13:53:06.801Z","pid":5409,"hostname":"pop-os","msg":"Begin ensuring permissions"}
{"level":30,"time":"2021-06-22T13:53:06.806Z","pid":5409,"hostname":"pop-os","msg":"Ensuring file permissions for 4 files"}
{"level":30,"time":"2021-06-22T13:53:06.808Z","pid":5409,"hostname":"pop-os","msg":"Finish ensuring permissions in 6ms"}
{"level":30,"time":"2021-06-22T13:53:09.226Z","pid":5409,"hostname":"pop-os","msg":"sending `database-ready`"}
{"level":30,"time":"2021-06-22T13:53:09.233Z","pid":5409,"hostname":"pop-os","msg":"main window is ready-to-show"}
{"level":30,"time":"2021-06-22T13:53:09.233Z","pid":5409,"hostname":"pop-os","msg":"showing main window"}
{"level":30,"time":"2021-06-22T13:53:09.883Z","pid":5409,"hostname":"pop-os","msg":"Updating BrowserWindow config: {\"maximized\":false,\"autoHideMenuBar\":false,\"fullscreen\":false,\"width\":680,\"height\":674,\"x\":687,\"y\":86}"}
{"level":30,"time":"2021-06-22T13:53:09.883Z","pid":5409,"hostname":"pop-os","msg":"config/set: Saving ephemeral config to disk"}
{"level":30,"time":"2021-06-22T13:53:10.389Z","pid":5409,"hostname":"pop-os","msg":"deleteAll: deleted 0 files"}
{"level":30,"time":"2021-06-22T13:53:10.392Z","pid":5409,"hostname":"pop-os","msg":"deleteAllStickers: deleted 0 files"}
{"level":30,"time":"2021-06-22T13:53:10.395Z","pid":5409,"hostname":"pop-os","msg":"deleteAllDraftAttachments: deleted 0 files"}
{"level":30,"time":"2021-06-22T13:53:10.396Z","pid":5409,"hostname":"pop-os","msg":"Begin ensuring permissions"}
{"level":30,"time":"2021-06-22T13:53:10.405Z","pid":5409,"hostname":"pop-os","msg":"Ensuring file permissions for 61 files"}
{"level":50,"time":"2021-06-22T13:53:10.408Z","pid":5409,"hostname":"pop-os","msg":"ensureFilePermissions: Error from chmod ENOENT: no such file or directory, chmod '[REDACTED]/SingletonCookie'"}
{"level":50,"time":"2021-06-22T13:53:10.408Z","pid":5409,"hostname":"pop-os","msg":"ensureFilePermissions: Error from chmod ENOENT: no such file or directory, chmod '[REDACTED]/SingletonLock'"}
{"level":30,"time":"2021-06-22T13:53:10.413Z","pid":5409,"hostname":"pop-os","msg":"Finish ensuring permissions in 17ms"}
{"level":30,"time":"2021-06-22T13:53:10.434Z","pid":5409,"hostname":"pop-os","msg":"updater/start: Updates disabled - not starting new version checks"}
{"level":30,"time":"2021-06-22T13:54:10.990Z","pid":5409,"hostname":"pop-os","msg":"App loaded - time: 65580"}
{"level":30,"time":"2021-06-22T13:54:10.990Z","pid":5409,"hostname":"pop-os","msg":"SQL init - time: 1305"}
{"level":30,"time":"2021-06-22T13:54:10.991Z","pid":5409,"hostname":"pop-os","msg":"Preload - time: 1359"}
{"level":30,"time":"2021-06-22T13:54:10.991Z","pid":5409,"hostname":"pop-os","msg":"WebSocket connect - time: 62458"}
{"level":30,"time":"2021-06-22T13:54:10.991Z","pid":5409,"hostname":"pop-os","msg":"Processed count: 0"}
{"level":30,"time":"2021-06-22T13:54:10.991Z","pid":5409,"hostname":"pop-os","msg":"Messages per second: 0"}
{"level":30,"time":"2021-06-22T13:54:25.542Z","pid":5409,"hostname":"pop-os","msg":"ts/sql/main: slow query saveMessage duration=1326ms"}
{"level":30,"time":"2021-06-22T13:54:25.950Z","pid":5409,"hostname":"pop-os","msg":"ts/sql/main: slow query createOrUpdateSticker duration=407ms"}
{"level":30,"time":"2021-06-22T13:55:10.756Z","pid":5409,"hostname":"pop-os","msg":"ts/sql/main: slow query createOrUpdateItem duration=1405ms"}
{"level":30,"time":"2021-06-22T13:55:10.790Z","pid":5409,"hostname":"pop-os","msg":"ts/sql/main: slow query updateConversations duration=30ms"}
{"level":30,"time":"2021-06-22T13:55:38.180Z","pid":5409,"hostname":"pop-os","msg":"Updating BrowserWindow config: {\"maximized\":false,\"autoHideMenuBar\":false,\"fullscreen\":false,\"width\":680,\"height\":550,\"x\":687,\"y\":449}"}
{"level":30,"time":"2021-06-22T13:55:38.181Z","pid":5409,"hostname":"pop-os","msg":"config/set: Saving ephemeral config to disk"}
{"level":30,"time":"2021-06-22T13:55:42.745Z","pid":5409,"hostname":"pop-os","msg":"close event {\"shouldQuit\":false}"}
{"level":30,"time":"2021-06-22T13:55:42.747Z","pid":5409,"hostname":"pop-os","msg":"requestShutdown: Requesting close of mainWindow..."}
{"level":30,"time":"2021-06-22T13:55:42.801Z","pid":5409,"hostname":"pop-os","msg":"ts/sql/main: slow query close duration=35ms"}
{"level":30,"time":"2021-06-22T13:55:42.802Z","pid":5409,"hostname":"pop-os","msg":"requestShutdown: Response received"}
{"level":30,"time":"2021-06-22T13:55:42.806Z","pid":5409,"hostname":"pop-os","msg":"before-quit event {\"readyForShutdown\":true,\"shouldQuit\":false}"}
{"level":30,"time":"2021-06-22T13:55:42.806Z","pid":5409,"hostname":"pop-os","msg":"close event {\"readyForShutdown\":true,\"shouldQuit\":true}"}
{"level":30,"time":"2021-06-24T10:44:16.148Z","pid":22764,"hostname":"pop-os","msg":"app ready"}
{"level":30,"time":"2021-06-24T10:44:16.148Z","pid":22764,"hostname":"pop-os","msg":"starting version 5.6.1"}
{"level":30,"time":"2021-06-24T10:44:16.148Z","pid":22764,"hostname":"pop-os","msg":"media access status"}
{"level":30,"time":"2021-06-24T10:44:16.171Z","pid":22764,"hostname":"pop-os","msg":"got fast spellcheck setting true"}
{"level":30,"time":"2021-06-24T10:44:16.173Z","pid":22764,"hostname":"pop-os","msg":"Initializing BrowserWindow config: {\"show\":false,\"width\":680,\"height\":550,\"minWidth\":680,\"minHeight\":550,\"autoHideMenuBar\":false,\"titleBarStyle\":\"default\",\"backgroundColor\":\"#3a76f0\",\"webPreferences\":{\"devTools\":false,\"nodeIntegration\":false,\"nodeIntegrationInWorker\":false,\"contextIsolation\":false,\"enableRemoteModule\":true,\"preload\":\"/opt/Signal/resources/app.asar/preload.bundle.js\",\"nativeWindowOpen\":true,\"spellcheck\":true,\"backgroundThrottling\":false},\"icon\":\"/opt/Signal/resources/app.asar/images/signal-logo-desktop-linux.png\",\"x\":687,\"y\":449}"}
{"level":30,"time":"2021-06-24T10:44:16.230Z","pid":22764,"hostname":"pop-os","msg":"spellcheck: user locale: en-US"}
{"level":30,"time":"2021-06-24T10:44:16.230Z","pid":22764,"hostname":"pop-os","msg":"spellcheck: available spellchecker languages:  [\"af\",\"bg\",\"ca\",\"cs\",\"cy\",\"da\",\"de\",\"de-DE\",\"el\",\"en-AU\",\"en-CA\",\"en-GB\",\"en-GB-oxendict\",\"en-US\",\"es\",\"es-419\",\"es-AR\",\"es-ES\",\"es-MX\",\"es-US\",\"et\",\"fa\",\"fo\",\"fr\",\"fr-FR\",\"he\",\"hi\",\"hr\",\"hu\",\"hy\",\"id\",\"it\",\"it-IT\",\"ko\",\"lt\",\"lv\",\"nb\",\"nl\",\"pl\",\"pt\",\"pt-BR\",\"pt-PT\",\"ro\",\"ru\",\"sh\",\"sk\",\"sl\",\"sq\",\"sr\",\"sv\",\"ta\",\"tg\",\"tr\",\"uk\",\"vi\"]"}
{"level":30,"time":"2021-06-24T10:44:16.230Z","pid":22764,"hostname":"pop-os","msg":"spellcheck: setting languages to:  [\"en-US\"]"}
{"level":30,"time":"2021-06-24T10:44:16.244Z","pid":22764,"hostname":"pop-os","msg":"got fast spellcheck setting true"}
{"level":30,"time":"2021-06-24T10:44:16.266Z","pid":22764,"hostname":"pop-os","msg":"Begin ensuring permissions"}
{"level":30,"time":"2021-06-24T10:44:16.272Z","pid":22764,"hostname":"pop-os","msg":"Ensuring file permissions for 4 files"}
{"level":30,"time":"2021-06-24T10:44:16.274Z","pid":22764,"hostname":"pop-os","msg":"Finish ensuring permissions in 8ms"}
{"level":30,"time":"2021-06-24T10:44:18.086Z","pid":22764,"hostname":"pop-os","msg":"sending `database-ready`"}
{"level":30,"time":"2021-06-24T10:44:18.092Z","pid":22764,"hostname":"pop-os","msg":"main window is ready-to-show"}
{"level":30,"time":"2021-06-24T10:44:18.092Z","pid":22764,"hostname":"pop-os","msg":"showing main window"}
{"level":30,"time":"2021-06-24T10:44:18.604Z","pid":22764,"hostname":"pop-os","msg":"Updating BrowserWindow config: {\"maximized\":false,\"autoHideMenuBar\":false,\"fullscreen\":false,\"width\":680,\"height\":550,\"x\":686,\"y\":218}"}
{"level":30,"time":"2021-06-24T10:44:18.604Z","pid":22764,"hostname":"pop-os","msg":"config/set: Saving ephemeral config to disk"}
{"level":30,"time":"2021-06-24T10:44:18.806Z","pid":22764,"hostname":"pop-os","msg":"deleteAll: deleted 1 files"}
{"level":30,"time":"2021-06-24T10:44:18.837Z","pid":22764,"hostname":"pop-os","msg":"deleteAllStickers: deleted 0 files"}
{"level":30,"time":"2021-06-24T10:44:18.840Z","pid":22764,"hostname":"pop-os","msg":"deleteAllDraftAttachments: deleted 0 files"}
{"level":30,"time":"2021-06-24T10:44:18.841Z","pid":22764,"hostname":"pop-os","msg":"Begin ensuring permissions"}
{"level":30,"time":"2021-06-24T10:44:18.879Z","pid":22764,"hostname":"pop-os","msg":"Ensuring file permissions for 578 files"}
{"level":50,"time":"2021-06-24T10:44:18.884Z","pid":22764,"hostname":"pop-os","msg":"ensureFilePermissions: Error from chmod ENOENT: no such file or directory, chmod '[REDACTED]/SingletonCookie'"}
{"level":50,"time":"2021-06-24T10:44:18.884Z","pid":22764,"hostname":"pop-os","msg":"ensureFilePermissions: Error from chmod ENOENT: no such file or directory, chmod '[REDACTED]/SingletonLock'"}
{"level":50,"time":"2021-06-24T10:44:18.908Z","pid":22764,"hostname":"pop-os","msg":"ensureFilePermissions: Error from chmod ENOENT: no such file or directory, chmod '[REDACTED]/IndexedDB/file__0.indexeddb.leveldb/000004.log'"}
{"level":30,"time":"2021-06-24T10:44:18.934Z","pid":22764,"hostname":"pop-os","msg":"Finish ensuring permissions in 93ms"}
{"level":30,"time":"2021-06-24T10:44:18.973Z","pid":22764,"hostname":"pop-os","msg":"updater/start: Updates disabled - not starting new version checks"}
{"level":30,"time":"2021-06-24T10:44:18.990Z","pid":22764,"hostname":"pop-os","msg":"App loaded - time: 2976"}
{"level":30,"time":"2021-06-24T10:44:18.990Z","pid":22764,"hostname":"pop-os","msg":"SQL init - time: 225"}
{"level":30,"time":"2021-06-24T10:44:18.990Z","pid":22764,"hostname":"pop-os","msg":"Preload - time: 1324"}
{"level":30,"time":"2021-06-24T10:44:18.990Z","pid":22764,"hostname":"pop-os","msg":"WebSocket connect - time: -1624531457947"}
{"level":30,"time":"2021-06-24T10:44:18.990Z","pid":22764,"hostname":"pop-os","msg":"Processed count: [object Undefined]"}
{"level":30,"time":"2021-06-24T10:44:18.990Z","pid":22764,"hostname":"pop-os","msg":"Messages per second: null"}
{"level":30,"time":"2021-06-24T10:44:23.819Z","pid":22764,"hostname":"pop-os","msg":"Updating BrowserWindow config: {\"maximized\":false,\"autoHideMenuBar\":false,\"fullscreen\":false,\"width\":680,\"height\":550,\"x\":350,\"y\":119}"}
{"level":30,"time":"2021-06-24T10:44:23.819Z","pid":22764,"hostname":"pop-os","msg":"config/set: Saving ephemeral config to disk"}
{"level":30,"time":"2021-06-24T10:44:26.805Z","pid":22764,"hostname":"pop-os","msg":"Updating BrowserWindow config: {\"maximized\":false,\"autoHideMenuBar\":false,\"fullscreen\":false,\"width\":848,\"height\":550,\"x\":350,\"y\":119}"}
{"level":30,"time":"2021-06-24T10:44:26.805Z","pid":22764,"hostname":"pop-os","msg":"config/set: Saving ephemeral config to disk"}
{"level":30,"time":"2021-06-24T10:45:06.209Z","pid":22764,"hostname":"pop-os","msg":"ts/sql/main: slow query saveMessages duration=11ms"}
{"level":30,"time":"2021-06-24T10:45:12.432Z","pid":22764,"hostname":"pop-os","msg":"ts/sql/main: slow query createOrUpdateItem duration=16ms"}
{"level":30,"time":"2021-06-24T10:45:44.575Z","pid":22764,"hostname":"pop-os","msg":"ts/sql/main: slow query saveMessage duration=43ms"}
{"level":30,"time":"2021-06-24T10:46:05.119Z","pid":22764,"hostname":"pop-os","msg":"ts/sql/main: slow query getUnreadByConversationAndMarkRead duration=11ms"}
{"level":30,"time":"2021-06-24T10:46:09.480Z","pid":22764,"hostname":"pop-os","msg":"ts/sql/main: slow query saveMessages duration=11ms"}
{"level":30,"time":"2021-06-24T10:46:22.258Z","pid":22764,"hostname":"pop-os","msg":"ts/sql/main: slow query getUnreadByConversationAndMarkRead duration=12ms"}
{"level":30,"time":"2021-06-24T10:46:22.386Z","pid":22764,"hostname":"pop-os","msg":"ts/sql/main: slow query commitSessionsAndUnprocessed duration=13ms"}
{"level":30,"time":"2021-06-24T10:46:24.451Z","pid":22764,"hostname":"pop-os","msg":"ts/sql/main: slow query updateConversations duration=42ms"}
{"level":30,"time":"2021-06-24T10:46:44.139Z","pid":22764,"hostname":"pop-os","msg":"ts/sql/main: slow query getUnreadByConversationAndMarkRead duration=12ms"}
{"level":30,"time":"2021-06-24T10:46:45.121Z","pid":22764,"hostname":"pop-os","msg":"ts/sql/main: slow query updateConversations duration=13ms"}
{"level":30,"time":"2021-06-24T10:46:59.892Z","pid":22764,"hostname":"pop-os","msg":"close event {\"shouldQuit\":false}"}
{"level":30,"time":"2021-06-24T10:46:59.893Z","pid":22764,"hostname":"pop-os","msg":"requestShutdown: Requesting close of mainWindow..."}
{"level":30,"time":"2021-06-24T10:47:00.083Z","pid":22764,"hostname":"pop-os","msg":"ts/sql/main: slow query close duration=178ms"}
{"level":30,"time":"2021-06-24T10:47:00.087Z","pid":22764,"hostname":"pop-os","msg":"requestShutdown: Response received"}
{"level":30,"time":"2021-06-24T10:47:00.091Z","pid":22764,"hostname":"pop-os","msg":"before-quit event {\"readyForShutdown\":true,\"shouldQuit\":false}"}
{"level":30,"time":"2021-06-24T10:47:00.092Z","pid":22764,"hostname":"pop-os","msg":"close event {\"readyForShutdown\":true,\"shouldQuit\":true}"}
{"level":30,"time":"2021-06-24T11:07:40.588Z","pid":25048,"hostname":"pop-os","msg":"app ready"}
{"level":30,"time":"2021-06-24T11:07:40.588Z","pid":25048,"hostname":"pop-os","msg":"starting version 5.6.1"}
{"level":30,"time":"2021-06-24T11:07:40.588Z","pid":25048,"hostname":"pop-os","msg":"media access status"}
{"level":30,"time":"2021-06-24T11:07:40.623Z","pid":25048,"hostname":"pop-os","msg":"got fast spellcheck setting true"}
{"level":30,"time":"2021-06-24T11:07:40.625Z","pid":25048,"hostname":"pop-os","msg":"Initializing BrowserWindow config: {\"show\":false,\"width\":848,\"height\":550,\"minWidth\":680,\"minHeight\":550,\"autoHideMenuBar\":false,\"titleBarStyle\":\"default\",\"backgroundColor\":\"#3a76f0\",\"webPreferences\":{\"devTools\":false,\"nodeIntegration\":false,\"nodeIntegrationInWorker\":false,\"contextIsolation\":false,\"enableRemoteModule\":true,\"preload\":\"/opt/Signal/resources/app.asar/preload.bundle.js\",\"nativeWindowOpen\":true,\"spellcheck\":true,\"backgroundThrottling\":false},\"icon\":\"/opt/Signal/resources/app.asar/images/signal-logo-desktop-linux.png\",\"x\":350,\"y\":119}"}
{"level":30,"time":"2021-06-24T11:07:40.715Z","pid":25048,"hostname":"pop-os","msg":"spellcheck: user locale: en-US"}
{"level":30,"time":"2021-06-24T11:07:40.716Z","pid":25048,"hostname":"pop-os","msg":"spellcheck: available spellchecker languages:  [\"af\",\"bg\",\"ca\",\"cs\",\"cy\",\"da\",\"de\",\"de-DE\",\"el\",\"en-AU\",\"en-CA\",\"en-GB\",\"en-GB-oxendict\",\"en-US\",\"es\",\"es-419\",\"es-AR\",\"es-ES\",\"es-MX\",\"es-US\",\"et\",\"fa\",\"fo\",\"fr\",\"fr-FR\",\"he\",\"hi\",\"hr\",\"hu\",\"hy\",\"id\",\"it\",\"it-IT\",\"ko\",\"lt\",\"lv\",\"nb\",\"nl\",\"pl\",\"pt\",\"pt-BR\",\"pt-PT\",\"ro\",\"ru\",\"sh\",\"sk\",\"sl\",\"sq\",\"sr\",\"sv\",\"ta\",\"tg\",\"tr\",\"uk\",\"vi\"]"}
{"level":30,"time":"2021-06-24T11:07:40.716Z","pid":25048,"hostname":"pop-os","msg":"spellcheck: setting languages to:  [\"en-US\"]"}
{"level":30,"time":"2021-06-24T11:07:40.729Z","pid":25048,"hostname":"pop-os","msg":"got fast spellcheck setting true"}
{"level":30,"time":"2021-06-24T11:07:40.736Z","pid":25048,"hostname":"pop-os","msg":"Begin ensuring permissions"}
{"level":30,"time":"2021-06-24T11:07:40.749Z","pid":25048,"hostname":"pop-os","msg":"Ensuring file permissions for 4 files"}
{"level":30,"time":"2021-06-24T11:07:40.751Z","pid":25048,"hostname":"pop-os","msg":"Finish ensuring permissions in 15ms"}
{"level":30,"time":"2021-06-24T11:07:42.766Z","pid":25048,"hostname":"pop-os","msg":"sending `database-ready`"}
{"level":30,"time":"2021-06-24T11:07:42.773Z","pid":25048,"hostname":"pop-os","msg":"main window is ready-to-show"}
{"level":30,"time":"2021-06-24T11:07:42.774Z","pid":25048,"hostname":"pop-os","msg":"showing main window"}
{"level":30,"time":"2021-06-24T11:07:43.297Z","pid":25048,"hostname":"pop-os","msg":"Updating BrowserWindow config: {\"maximized\":false,\"autoHideMenuBar\":false,\"fullscreen\":false,\"width\":848,\"height\":550,\"x\":350,\"y\":163}"}
{"level":30,"time":"2021-06-24T11:07:43.297Z","pid":25048,"hostname":"pop-os","msg":"config/set: Saving ephemeral config to disk"}
{"level":30,"time":"2021-06-24T11:07:45.542Z","pid":25048,"hostname":"pop-os","msg":"Updating BrowserWindow config: {\"maximized\":false,\"autoHideMenuBar\":false,\"fullscreen\":false,\"width\":848,\"height\":550,\"x\":237,\"y\":124}"}
{"level":30,"time":"2021-06-24T11:07:45.543Z","pid":25048,"hostname":"pop-os","msg":"config/set: Saving ephemeral config to disk"}
{"level":30,"time":"2021-06-24T11:07:48.093Z","pid":25048,"hostname":"pop-os","msg":"Updating BrowserWindow config: {\"maximized\":false,\"autoHideMenuBar\":false,\"fullscreen\":false,\"width\":848,\"height\":550,\"x\":191,\"y\":123}"}
{"level":30,"time":"2021-06-24T11:07:48.093Z","pid":25048,"hostname":"pop-os","msg":"config/set: Saving ephemeral config to disk"}
{"level":30,"time":"2021-06-24T11:07:48.743Z","pid":25048,"hostname":"pop-os","msg":"updater/start: Updates disabled - not starting new version checks"}
{"level":30,"time":"2021-06-24T11:07:48.773Z","pid":25048,"hostname":"pop-os","msg":"App loaded - time: 8245"}
{"level":30,"time":"2021-06-24T11:07:48.773Z","pid":25048,"hostname":"pop-os","msg":"SQL init - time: 91"}
{"level":30,"time":"2021-06-24T11:07:48.773Z","pid":25048,"hostname":"pop-os","msg":"Preload - time: 1403"}
{"level":30,"time":"2021-06-24T11:07:48.773Z","pid":25048,"hostname":"pop-os","msg":"WebSocket connect - time: 5638"}
{"level":30,"time":"2021-06-24T11:07:48.773Z","pid":25048,"hostname":"pop-os","msg":"Processed count: 5"}
{"level":30,"time":"2021-06-24T11:07:48.774Z","pid":25048,"hostname":"pop-os","msg":"Messages per second: 4.152823920265781"}
{"level":30,"time":"2021-06-24T11:07:51.843Z","pid":25048,"hostname":"pop-os","msg":"ts/sql/main: slow query getMessageMetricsForConversation duration=13ms"}
{"level":30,"time":"2021-06-24T11:08:02.859Z","pid":25048,"hostname":"pop-os","msg":"close event {\"shouldQuit\":false}"}
{"level":30,"time":"2021-06-24T11:08:02.860Z","pid":25048,"hostname":"pop-os","msg":"requestShutdown: Requesting close of mainWindow..."}
{"level":30,"time":"2021-06-24T11:08:02.913Z","pid":25048,"hostname":"pop-os","msg":"ts/sql/main: slow query close duration=39ms"}
{"level":30,"time":"2021-06-24T11:08:02.913Z","pid":25048,"hostname":"pop-os","msg":"requestShutdown: Response received"}
{"level":30,"time":"2021-06-24T11:08:02.917Z","pid":25048,"hostname":"pop-os","msg":"before-quit event {\"readyForShutdown\":true,\"shouldQuit\":false}"}
{"level":30,"time":"2021-06-24T11:08:02.917Z","pid":25048,"hostname":"pop-os","msg":"close event {\"readyForShutdown\":true,\"shouldQuit\":true}"}
